<?xml version="1.0" encoding="UTF-8"?>
<!-- Generated by org.testng.reporters.JUnitXMLReporter -->
<testsuite hostname="DESKTOP-GVHQ29R" ignored="0" name="Test" tests="28" failures="1" timestamp="28 Aug 2018 07:21:02 GMT" time="176.386" errors="0">
  <testcase name="@AfterClass tearDown" time="0.091" classname="AutomationFW.TestCase_WISELogin">
    <failure type="org.openqa.selenium.NoSuchSessionException" message="no such session
  (Driver info: chromedriver=2.38.552522 (437e6fbedfa8762dec75e2c5b3ddb86763dc9dcb),platform=Windows NT 10.0.15063 x86_64) (WARNING: The server did not provide any stacktrace information)
Command duration or timeout: 0 milliseconds
Build info: version: &amp;apos;3.13.0&amp;apos;, revision: &amp;apos;2f0d292&amp;apos;, time: &amp;apos;2018-06-25T15:32:14.902Z&amp;apos;
System info: host: &amp;apos;DESKTOP-GVHQ29R&amp;apos;, ip: &amp;apos;172.20.150.118&amp;apos;, os.name: &amp;apos;Windows 10&amp;apos;, os.arch: &amp;apos;amd64&amp;apos;, os.version: &amp;apos;10.0&amp;apos;, java.version: &amp;apos;1.8.0_181&amp;apos;
Driver info: org.openqa.selenium.chrome.ChromeDriver
Capabilities {acceptInsecureCerts: false, acceptSslCerts: false, applicationCacheEnabled: false, browserConnectionEnabled: false, browserName: chrome, chrome: {chromedriverVersion: 2.38.552522 (437e6fbedfa876..., userDataDir: D:\Users\sharmanu\AppData\L...}, cssSelectorsEnabled: true, databaseEnabled: false, handlesAlerts: true, hasTouchScreen: false, javascriptEnabled: true, locationContextEnabled: true, mobileEmulationEnabled: false, nativeEvents: true, networkConnectionEnabled: false, pageLoadStrategy: normal, platform: XP, platformName: XP, rotatable: false, setWindowRect: true, takesHeapSnapshot: true, takesScreenshot: true, unexpectedAlertBehaviour: , unhandledPromptBehavior: , version: 68.0.3440.106, webStorageEnabled: true}
Session ID: 09f582f8bd6453ceac2b46c599213322">
      <![CDATA[org.openqa.selenium.NoSuchSessionException: no such session
  (Driver info: chromedriver=2.38.552522 (437e6fbedfa8762dec75e2c5b3ddb86763dc9dcb),platform=Windows NT 10.0.15063 x86_64) (WARNING: The server did not provide any stacktrace information)
Command duration or timeout: 0 milliseconds
Build info: version: '3.13.0', revision: '2f0d292', time: '2018-06-25T15:32:14.902Z'
System info: host: 'DESKTOP-GVHQ29R', ip: '172.20.150.118', os.name: 'Windows 10', os.arch: 'amd64', os.version: '10.0', java.version: '1.8.0_181'
Driver info: org.openqa.selenium.chrome.ChromeDriver
Capabilities {acceptInsecureCerts: false, acceptSslCerts: false, applicationCacheEnabled: false, browserConnectionEnabled: false, browserName: chrome, chrome: {chromedriverVersion: 2.38.552522 (437e6fbedfa876..., userDataDir: D:\Users\sharmanu\AppData\L...}, cssSelectorsEnabled: true, databaseEnabled: false, handlesAlerts: true, hasTouchScreen: false, javascriptEnabled: true, locationContextEnabled: true, mobileEmulationEnabled: false, nativeEvents: true, networkConnectionEnabled: false, pageLoadStrategy: normal, platform: XP, platformName: XP, rotatable: false, setWindowRect: true, takesHeapSnapshot: true, takesScreenshot: true, unexpectedAlertBehaviour: , unhandledPromptBehavior: , version: 68.0.3440.106, webStorageEnabled: true}
Session ID: 09f582f8bd6453ceac2b46c599213322
at org.openqa.selenium.remote.ErrorHandler.createThrowable(ErrorHandler.java:214)
at org.openqa.selenium.remote.ErrorHandler.throwIfResponseFailed(ErrorHandler.java:166)
at org.openqa.selenium.remote.http.JsonHttpResponseCodec.reconstructValue(JsonHttpResponseCodec.java:40)
at org.openqa.selenium.remote.http.AbstractHttpResponseCodec.decode(AbstractHttpResponseCodec.java:80)
at org.openqa.selenium.remote.http.AbstractHttpResponseCodec.decode(AbstractHttpResponseCodec.java:44)
at org.openqa.selenium.remote.HttpCommandExecutor.execute(HttpCommandExecutor.java:158)
at org.openqa.selenium.remote.service.DriverCommandExecutor.execute(DriverCommandExecutor.java:83)
at org.openqa.selenium.remote.RemoteWebDriver.execute(RemoteWebDriver.java:548)
at org.openqa.selenium.remote.RemoteWebDriver.execute(RemoteWebDriver.java:605)
at org.openqa.selenium.remote.RemoteWebDriver.close(RemoteWebDriver.java:438)
at AutomationFW.TestCase_WISELogin.tearDown(TestCase_WISELogin.java:46)
at java.util.concurrent.ThreadPoolExecutor.runWorker(ThreadPoolExecutor.java:1149)
at java.util.concurrent.ThreadPoolExecutor$Worker.run(ThreadPoolExecutor.java:624)
at java.lang.Thread.run(Thread.java:748)
... Removed 15 stack frames]]>
    </failure>
  </testcase> <!-- @AfterClass tearDown -->
  <testcase name="LoginToWise" time="29.517" classname="AutomationFW.TestCase_WISELogin"/>
  <testcase name="SearchSKU" time="7.607" classname="AutomationFW.TestCase_WISELogin"/>
  <testcase name="NavigateToPDPPage" time="5.449" classname="AutomationFW.TestCase_WISELogin"/>
  <testcase name="PDPPage_TabsDIsplay" time="10.036" classname="AutomationFW.TestCase_WISELogin"/>
  <testcase name="NavigateToHomePage" time="4.615" classname="AutomationFW.TestCase_WISELogin"/>
  <testcase name="DocICSearch_ProductDocument" time="6.703" classname="AutomationFW.TestCase_WISELogin"/>
  <testcase name="DocumentRendering_ProductDocument" time="4.601" classname="AutomationFW.TestCase_WISELogin">
    <failure type="java.lang.AssertionError" message="Assert Failed expected [HP DeskJet, ENVY 5540 Printers - Paper Jam Error] but found [HP DeskJet, ENVY 5540 Printers - &amp;apos;Paper Jam&amp;apos; Error]">
      <![CDATA[java.lang.AssertionError: Assert Failed expected [HP DeskJet, ENVY 5540 Printers - Paper Jam Error] but found [HP DeskJet, ENVY 5540 Printers - 'Paper Jam' Error]
at ReusableLibraryActions.AssertCls.AssertText(AssertCls.java:76)
at AutomationFW.TestCase_WISELogin.DocumentRendering_ProductDocument(TestCase_WISELogin.java:315)
at java.util.concurrent.ThreadPoolExecutor.runWorker(ThreadPoolExecutor.java:1149)
at java.util.concurrent.ThreadPoolExecutor$Worker.run(ThreadPoolExecutor.java:624)
at java.lang.Thread.run(Thread.java:748)
... Removed 15 stack frames]]>
    </failure>
  </testcase> <!-- DocumentRendering_ProductDocument -->
  <testcase name="Rating_ProductDocument" time="1.428" classname="AutomationFW.TestCase_WISELogin"/>
  <testcase name="Feedback_ProductDocument" time="7.944" classname="AutomationFW.TestCase_WISELogin"/>
  <testcase name="DocIDSearch_ProcessDocument" time="5.501" classname="AutomationFW.TestCase_WISELogin"/>
  <testcase name="DocumentRendering_ProcessDocument" time="6.655" classname="AutomationFW.TestCase_WISELogin"/>
  <testcase name="DocIDSearch_ManualDocument" time="5.492" classname="AutomationFW.TestCase_WISELogin"/>
  <testcase name="DocumentRendering_ManualDocument" time="5.723" classname="AutomationFW.TestCase_WISELogin"/>
  <testcase name="Rating_ProcessDocument" time="4.363" classname="AutomationFW.TestCase_WISELogin"/>
  <testcase name="Feedback_ProcessDocument" time="6.182" classname="AutomationFW.TestCase_WISELogin"/>
  <testcase name="Search_ByProductTerm_ProdContext" time="7.749" classname="AutomationFW.TestCase_WISELogin"/>
  <testcase name="Verify_PDPImage" time="12.61" classname="AutomationFW.TestCase_WISELogin"/>
  <testcase name="Verify_Tool_Display" time="3.1" classname="AutomationFW.TestCase_WISELogin"/>
  <testcase name="Verify_Link_Display" time="3.098" classname="AutomationFW.TestCase_WISELogin"/>
  <testcase name="UIExperiance_Toogle" time="14.43" classname="AutomationFW.TestCase_WISELogin"/>
  <testcase name="Verify_ProcessTab_Display" time="3.109" classname="AutomationFW.TestCase_WISELogin"/>
  <testcase name="Verify_ProductTab_Display" time="3.088" classname="AutomationFW.TestCase_WISELogin"/>
  <testcase name="Verify_HPLogo_Display" time="1.058" classname="AutomationFW.TestCase_WISELogin"/>
  <testcase name="Verify_FooterSection_Displayed" time="1.044" classname="AutomationFW.TestCase_WISELogin"/>
  <testcase name="Verify_SitMap_Displayed" time="3.094" classname="AutomationFW.TestCase_WISELogin"/>
  <testcase name="Verify_TermOfUse_Displayed" time="3.09" classname="AutomationFW.TestCase_WISELogin"/>
  <testcase name="Verify_PrivacyLink_Displayed" time="3.144" classname="AutomationFW.TestCase_WISELogin"/>
  <testcase name="Verify_Copyright_Displayed" time="5.581" classname="AutomationFW.TestCase_WISELogin"/>
</testsuite> <!-- Test -->
