<html>
<head>
<title>TestNG:  Test</title>
<link href="../testng.css" rel="stylesheet" type="text/css" />
<link href="../my-testng.css" rel="stylesheet" type="text/css" />

<style type="text/css">
.log { display: none;} 
.stack-trace { display: none;} 
</style>
<script type="text/javascript">
<!--
function flip(e) {
  current = e.style.display;
  if (current == 'block') {
    e.style.display = 'none';
    return 0;
  }
  else {
    e.style.display = 'block';
    return 1;
  }
}

function toggleBox(szDivId, elem, msg1, msg2)
{
  var res = -1;  if (document.getElementById) {
    res = flip(document.getElementById(szDivId));
  }
  else if (document.all) {
    // this is the way old msie versions work
    res = flip(document.all[szDivId]);
  }
  if(elem) {
    if(res == 0) elem.innerHTML = msg1; else elem.innerHTML = msg2;
  }

}

function toggleAllBoxes() {
  if (document.getElementsByTagName) {
    d = document.getElementsByTagName('div');
    for (i = 0; i < d.length; i++) {
      if (d[i].className == 'log') {
        flip(d[i]);
      }
    }
  }
}

// -->
</script>

</head>
<body>
<h2 align='center'>Test</h2><table border='1' align="center">
<tr>
<td>Tests passed/Failed/Skipped:</td><td>23/5/1</td>
</tr><tr>
<td>Started on:</td><td>Tue Sep 18 10:00:00 EDT 2018</td>
</tr>
<tr><td>Total time:</td><td>209 seconds (209525 ms)</td>
</tr><tr>
<td>Included groups:</td><td></td>
</tr><tr>
<td>Excluded groups:</td><td></td>
</tr>
</table><p/>
<small><i>(Hover the method name to see the test class name)</i></small><p/>
<table width='100%' border='1' class='invocation-failed'>
<tr><td colspan='4' align='center'><b>FAILED TESTS</b></td></tr>
<tr><td><b>Test method</b></td>
<td width="30%"><b>Exception</b></td>
<td width="10%"><b>Time (seconds)</b></td>
<td><b>Instance</b></td>
</tr>
<tr>
<td title='AutomationFW.TestCase_WISELogin.LoginToWise()'><b>LoginToWise</b><br>Test class: AutomationFW.TestCase_WISELogin</td>
<td><div><pre>java.lang.AssertionError
	at ReusableLibraryActions.ObjectFound.ObjectFoundOnThePage(ObjectFound.java:132)
	at AutomationFW.TestCase_WISELogin.LoginToWise(TestCase_WISELogin.java:86)
	at java.util.concurrent.ThreadPoolExecutor.runWorker(ThreadPoolExecutor.java:1149)
	at java.util.concurrent.ThreadPoolExecutor$Worker.run(ThreadPoolExecutor.java:624)
	at java.lang.Thread.run(Thread.java:748)
... Removed 10 stack frames</pre></div><a href='#' onClick='toggleBox("stack-trace464950655", this, "Click to show all stack frames", "Click to hide stack frames")'>Click to show all stack frames</a>
<div class='stack-trace' id='stack-trace464950655'><pre>java.lang.AssertionError
	at ReusableLibraryActions.ObjectFound.ObjectFoundOnThePage(ObjectFound.java:132)
	at AutomationFW.TestCase_WISELogin.LoginToWise(TestCase_WISELogin.java:86)
	at sun.reflect.NativeMethodAccessorImpl.invoke0(Native Method)
	at sun.reflect.NativeMethodAccessorImpl.invoke(NativeMethodAccessorImpl.java:62)
	at sun.reflect.DelegatingMethodAccessorImpl.invoke(DelegatingMethodAccessorImpl.java:43)
	at java.lang.reflect.Method.invoke(Method.java:498)
	at org.testng.internal.MethodInvocationHelper.invokeMethod(MethodInvocationHelper.java:104)
	at org.testng.internal.Invoker.invokeMethod(Invoker.java:645)
	at org.testng.internal.Invoker.invokeTestMethod(Invoker.java:851)
	at org.testng.internal.Invoker.invokeTestMethods(Invoker.java:1177)
	at org.testng.internal.TestMethodWorker.invokeTestMethods(TestMethodWorker.java:129)
	at org.testng.internal.TestMethodWorker.run(TestMethodWorker.java:112)
	at java.util.concurrent.ThreadPoolExecutor.runWorker(ThreadPoolExecutor.java:1149)
	at java.util.concurrent.ThreadPoolExecutor$Worker.run(ThreadPoolExecutor.java:624)
	at java.lang.Thread.run(Thread.java:748)
</pre></div></td>
<td>29</td>
<td>AutomationFW.TestCase_WISELogin@2b0f373b</td></tr>
<tr>
<td title='AutomationFW.TestCase_WISELogin.NavigateToPDPPage()'><b>NavigateToPDPPage</b><br>Test class: AutomationFW.TestCase_WISELogin</td>
<td><div><pre>java.lang.ArrayIndexOutOfBoundsException: 1
	at AutomationFW.TestCase_WISELogin.NavigateToPDPPage(TestCase_WISELogin.java:191)
	at java.util.concurrent.ThreadPoolExecutor.runWorker(ThreadPoolExecutor.java:1149)
	at java.util.concurrent.ThreadPoolExecutor$Worker.run(ThreadPoolExecutor.java:624)
	at java.lang.Thread.run(Thread.java:748)
... Removed 10 stack frames</pre></div><a href='#' onClick='toggleBox("stack-trace373878968", this, "Click to show all stack frames", "Click to hide stack frames")'>Click to show all stack frames</a>
<div class='stack-trace' id='stack-trace373878968'><pre>java.lang.ArrayIndexOutOfBoundsException: 1
	at AutomationFW.TestCase_WISELogin.NavigateToPDPPage(TestCase_WISELogin.java:191)
	at sun.reflect.NativeMethodAccessorImpl.invoke0(Native Method)
	at sun.reflect.NativeMethodAccessorImpl.invoke(NativeMethodAccessorImpl.java:62)
	at sun.reflect.DelegatingMethodAccessorImpl.invoke(DelegatingMethodAccessorImpl.java:43)
	at java.lang.reflect.Method.invoke(Method.java:498)
	at org.testng.internal.MethodInvocationHelper.invokeMethod(MethodInvocationHelper.java:104)
	at org.testng.internal.Invoker.invokeMethod(Invoker.java:645)
	at org.testng.internal.Invoker.invokeTestMethod(Invoker.java:851)
	at org.testng.internal.Invoker.invokeTestMethods(Invoker.java:1177)
	at org.testng.internal.TestMethodWorker.invokeTestMethods(TestMethodWorker.java:129)
	at org.testng.internal.TestMethodWorker.run(TestMethodWorker.java:112)
	at java.util.concurrent.ThreadPoolExecutor.runWorker(ThreadPoolExecutor.java:1149)
	at java.util.concurrent.ThreadPoolExecutor$Worker.run(ThreadPoolExecutor.java:624)
	at java.lang.Thread.run(Thread.java:748)
</pre></div></td>
<td>12</td>
<td>AutomationFW.TestCase_WISELogin@2b0f373b</td></tr>
<tr>
<td title='AutomationFW.TestCase_WISELogin.PDPPage_TabsDIsplay()'><b>PDPPage_TabsDIsplay</b><br>Test class: AutomationFW.TestCase_WISELogin</td>
<td><div><pre>java.lang.AssertionError: null
	at ReusableLibraryActions.AssertCls.AssertText(AssertCls.java:129)
	at AutomationFW.TestCase_WISELogin.PDPPage_TabsDIsplay(TestCase_WISELogin.java:226)
	at java.util.concurrent.ThreadPoolExecutor.runWorker(ThreadPoolExecutor.java:1149)
	at java.util.concurrent.ThreadPoolExecutor$Worker.run(ThreadPoolExecutor.java:624)
	at java.lang.Thread.run(Thread.java:748)
... Removed 12 stack frames</pre></div><a href='#' onClick='toggleBox("stack-trace1307520481", this, "Click to show all stack frames", "Click to hide stack frames")'>Click to show all stack frames</a>
<div class='stack-trace' id='stack-trace1307520481'><pre>java.lang.AssertionError: null
	at org.testng.Assert.fail(Assert.java:94)
	at org.testng.Assert.fail(Assert.java:101)
	at ReusableLibraryActions.AssertCls.AssertText(AssertCls.java:129)
	at AutomationFW.TestCase_WISELogin.PDPPage_TabsDIsplay(TestCase_WISELogin.java:226)
	at sun.reflect.NativeMethodAccessorImpl.invoke0(Native Method)
	at sun.reflect.NativeMethodAccessorImpl.invoke(NativeMethodAccessorImpl.java:62)
	at sun.reflect.DelegatingMethodAccessorImpl.invoke(DelegatingMethodAccessorImpl.java:43)
	at java.lang.reflect.Method.invoke(Method.java:498)
	at org.testng.internal.MethodInvocationHelper.invokeMethod(MethodInvocationHelper.java:104)
	at org.testng.internal.Invoker.invokeMethod(Invoker.java:645)
	at org.testng.internal.Invoker.invokeTestMethod(Invoker.java:851)
	at org.testng.internal.Invoker.invokeTestMethods(Invoker.java:1177)
	at org.testng.internal.TestMethodWorker.invokeTestMethods(TestMethodWorker.java:129)
	at org.testng.internal.TestMethodWorker.run(TestMethodWorker.java:112)
	at java.util.concurrent.ThreadPoolExecutor.runWorker(ThreadPoolExecutor.java:1149)
	at java.util.concurrent.ThreadPoolExecutor$Worker.run(ThreadPoolExecutor.java:624)
	at java.lang.Thread.run(Thread.java:748)
</pre></div></td>
<td>21</td>
<td>AutomationFW.TestCase_WISELogin@2b0f373b</td></tr>
<tr>
<td title='AutomationFW.TestCase_WISELogin.Verify_PDPImage()'><b>Verify_PDPImage</b><br>Test class: AutomationFW.TestCase_WISELogin</td>
<td><div><pre>java.lang.AssertionError
	at ReusableLibraryActions.ObjectFound.ObjectFoundOnThePage(ObjectFound.java:132)
	at AutomationFW.TestCase_WISELogin.Verify_PDPImage(TestCase_WISELogin.java:687)
	at java.util.concurrent.ThreadPoolExecutor.runWorker(ThreadPoolExecutor.java:1149)
	at java.util.concurrent.ThreadPoolExecutor$Worker.run(ThreadPoolExecutor.java:624)
	at java.lang.Thread.run(Thread.java:748)
... Removed 10 stack frames</pre></div><a href='#' onClick='toggleBox("stack-trace1326109119", this, "Click to show all stack frames", "Click to hide stack frames")'>Click to show all stack frames</a>
<div class='stack-trace' id='stack-trace1326109119'><pre>java.lang.AssertionError
	at ReusableLibraryActions.ObjectFound.ObjectFoundOnThePage(ObjectFound.java:132)
	at AutomationFW.TestCase_WISELogin.Verify_PDPImage(TestCase_WISELogin.java:687)
	at sun.reflect.NativeMethodAccessorImpl.invoke0(Native Method)
	at sun.reflect.NativeMethodAccessorImpl.invoke(NativeMethodAccessorImpl.java:62)
	at sun.reflect.DelegatingMethodAccessorImpl.invoke(DelegatingMethodAccessorImpl.java:43)
	at java.lang.reflect.Method.invoke(Method.java:498)
	at org.testng.internal.MethodInvocationHelper.invokeMethod(MethodInvocationHelper.java:104)
	at org.testng.internal.Invoker.invokeMethod(Invoker.java:645)
	at org.testng.internal.Invoker.invokeTestMethod(Invoker.java:851)
	at org.testng.internal.Invoker.invokeTestMethods(Invoker.java:1177)
	at org.testng.internal.TestMethodWorker.invokeTestMethods(TestMethodWorker.java:129)
	at org.testng.internal.TestMethodWorker.run(TestMethodWorker.java:112)
	at java.util.concurrent.ThreadPoolExecutor.runWorker(ThreadPoolExecutor.java:1149)
	at java.util.concurrent.ThreadPoolExecutor$Worker.run(ThreadPoolExecutor.java:624)
	at java.lang.Thread.run(Thread.java:748)
</pre></div></td>
<td>12</td>
<td>AutomationFW.TestCase_WISELogin@2b0f373b</td></tr>
<tr>
<td title='AutomationFW.TestCase_WISELogin.Verify_ProdutBuilder_TMS()'><b>Verify_ProdutBuilder_TMS</b><br>Test class: AutomationFW.TestCase_WISELogin</td>
<td><div><pre>java.lang.NoSuchMethodError: org.openqa.selenium.support.ui.WebDriverWait.until(Lcom/google/common/base/Function;)Ljava/lang/Object;
	at ReusableLibraryActions.Actions_PageFactory.buttonClick_PageFactory(Actions_PageFactory.java:43)
	at AutomationFW.TestCase_WISELogin.Verify_ProdutBuilder_TMS(TestCase_WISELogin.java:897)
	at java.util.concurrent.ThreadPoolExecutor.runWorker(ThreadPoolExecutor.java:1149)
	at java.util.concurrent.ThreadPoolExecutor$Worker.run(ThreadPoolExecutor.java:624)
	at java.lang.Thread.run(Thread.java:748)
... Removed 10 stack frames</pre></div><a href='#' onClick='toggleBox("stack-trace323344121", this, "Click to show all stack frames", "Click to hide stack frames")'>Click to show all stack frames</a>
<div class='stack-trace' id='stack-trace323344121'><pre>java.lang.NoSuchMethodError: org.openqa.selenium.support.ui.WebDriverWait.until(Lcom/google/common/base/Function;)Ljava/lang/Object;
	at ReusableLibraryActions.Actions_PageFactory.buttonClick_PageFactory(Actions_PageFactory.java:43)
	at AutomationFW.TestCase_WISELogin.Verify_ProdutBuilder_TMS(TestCase_WISELogin.java:897)
	at sun.reflect.NativeMethodAccessorImpl.invoke0(Native Method)
	at sun.reflect.NativeMethodAccessorImpl.invoke(NativeMethodAccessorImpl.java:62)
	at sun.reflect.DelegatingMethodAccessorImpl.invoke(DelegatingMethodAccessorImpl.java:43)
	at java.lang.reflect.Method.invoke(Method.java:498)
	at org.testng.internal.MethodInvocationHelper.invokeMethod(MethodInvocationHelper.java:104)
	at org.testng.internal.Invoker.invokeMethod(Invoker.java:645)
	at org.testng.internal.Invoker.invokeTestMethod(Invoker.java:851)
	at org.testng.internal.Invoker.invokeTestMethods(Invoker.java:1177)
	at org.testng.internal.TestMethodWorker.invokeTestMethods(TestMethodWorker.java:129)
	at org.testng.internal.TestMethodWorker.run(TestMethodWorker.java:112)
	at java.util.concurrent.ThreadPoolExecutor.runWorker(ThreadPoolExecutor.java:1149)
	at java.util.concurrent.ThreadPoolExecutor$Worker.run(ThreadPoolExecutor.java:624)
	at java.lang.Thread.run(Thread.java:748)
</pre></div></td>
<td>2</td>
<td>AutomationFW.TestCase_WISELogin@2b0f373b</td></tr>
</table><p>
<table width='100%' border='1' class='invocation-passed'>
<tr><td colspan='4' align='center'><b>PASSED TESTS</b></td></tr>
<tr><td><b>Test method</b></td>
<td width="30%"><b>Exception</b></td>
<td width="10%"><b>Time (seconds)</b></td>
<td><b>Instance</b></td>
</tr>
<tr>
<td title='AutomationFW.TestCase_WISELogin.DocIDSearch_ManualDocument()'><b>DocIDSearch_ManualDocument</b><br>Test class: AutomationFW.TestCase_WISELogin</td>
<td></td>
<td>5</td>
<td>AutomationFW.TestCase_WISELogin@2b0f373b</td></tr>
<tr>
<td title='AutomationFW.TestCase_WISELogin.DocIDSearch_ProcessDocument()'><b>DocIDSearch_ProcessDocument</b><br>Test class: AutomationFW.TestCase_WISELogin</td>
<td></td>
<td>6</td>
<td>AutomationFW.TestCase_WISELogin@2b0f373b</td></tr>
<tr>
<td title='AutomationFW.TestCase_WISELogin.DocIDSearch_ProductDocument()'><b>DocIDSearch_ProductDocument</b><br>Test class: AutomationFW.TestCase_WISELogin</td>
<td></td>
<td>6</td>
<td>AutomationFW.TestCase_WISELogin@2b0f373b</td></tr>
<tr>
<td title='AutomationFW.TestCase_WISELogin.DocumentRendering_ManualDocument()'><b>DocumentRendering_ManualDocument</b><br>Test class: AutomationFW.TestCase_WISELogin</td>
<td></td>
<td>5</td>
<td>AutomationFW.TestCase_WISELogin@2b0f373b</td></tr>
<tr>
<td title='AutomationFW.TestCase_WISELogin.DocumentRendering_ProcessDocument()'><b>DocumentRendering_ProcessDocument</b><br>Test class: AutomationFW.TestCase_WISELogin</td>
<td></td>
<td>6</td>
<td>AutomationFW.TestCase_WISELogin@2b0f373b</td></tr>
<tr>
<td title='AutomationFW.TestCase_WISELogin.DocumentRendering_ProductDocument()'><b>DocumentRendering_ProductDocument</b><br>Test class: AutomationFW.TestCase_WISELogin</td>
<td></td>
<td>5</td>
<td>AutomationFW.TestCase_WISELogin@2b0f373b</td></tr>
<tr>
<td title='AutomationFW.TestCase_WISELogin.Feedback_ProcessDocument()'><b>Feedback_ProcessDocument</b><br>Test class: AutomationFW.TestCase_WISELogin</td>
<td></td>
<td>10</td>
<td>AutomationFW.TestCase_WISELogin@2b0f373b</td></tr>
<tr>
<td title='AutomationFW.TestCase_WISELogin.Feedback_ProductDocument()'><b>Feedback_ProductDocument</b><br>Test class: AutomationFW.TestCase_WISELogin</td>
<td></td>
<td>10</td>
<td>AutomationFW.TestCase_WISELogin@2b0f373b</td></tr>
<tr>
<td title='AutomationFW.TestCase_WISELogin.NavigateToHomePage()'><b>NavigateToHomePage</b><br>Test class: AutomationFW.TestCase_WISELogin</td>
<td></td>
<td>5</td>
<td>AutomationFW.TestCase_WISELogin@2b0f373b</td></tr>
<tr>
<td title='AutomationFW.TestCase_WISELogin.Rating_ProcessDocument()'><b>Rating_ProcessDocument</b><br>Test class: AutomationFW.TestCase_WISELogin</td>
<td></td>
<td>3</td>
<td>AutomationFW.TestCase_WISELogin@2b0f373b</td></tr>
<tr>
<td title='AutomationFW.TestCase_WISELogin.Rating_ProductDocument()'><b>Rating_ProductDocument</b><br>Test class: AutomationFW.TestCase_WISELogin</td>
<td></td>
<td>2</td>
<td>AutomationFW.TestCase_WISELogin@2b0f373b</td></tr>
<tr>
<td title='AutomationFW.TestCase_WISELogin.Search_ByProductTerm_ProdContext()'><b>Search_ByProductTerm_ProdContext</b><br>Test class: AutomationFW.TestCase_WISELogin</td>
<td></td>
<td>8</td>
<td>AutomationFW.TestCase_WISELogin@2b0f373b</td></tr>
<tr>
<td title='AutomationFW.TestCase_WISELogin.UIExperiance_Toogle()'><b>UIExperiance_Toogle</b><br>Test class: AutomationFW.TestCase_WISELogin</td>
<td></td>
<td>29</td>
<td>AutomationFW.TestCase_WISELogin@2b0f373b</td></tr>
<tr>
<td title='AutomationFW.TestCase_WISELogin.Verify_Copyright_Displayed()'><b>Verify_Copyright_Displayed</b><br>Test class: AutomationFW.TestCase_WISELogin</td>
<td></td>
<td>3</td>
<td>AutomationFW.TestCase_WISELogin@2b0f373b</td></tr>
<tr>
<td title='AutomationFW.TestCase_WISELogin.Verify_FooterSection_Displayed()'><b>Verify_FooterSection_Displayed</b><br>Test class: AutomationFW.TestCase_WISELogin</td>
<td></td>
<td>1</td>
<td>AutomationFW.TestCase_WISELogin@2b0f373b</td></tr>
<tr>
<td title='AutomationFW.TestCase_WISELogin.Verify_HPLogo_Display()'><b>Verify_HPLogo_Display</b><br>Test class: AutomationFW.TestCase_WISELogin</td>
<td></td>
<td>1</td>
<td>AutomationFW.TestCase_WISELogin@2b0f373b</td></tr>
<tr>
<td title='AutomationFW.TestCase_WISELogin.Verify_Link_Display()'><b>Verify_Link_Display</b><br>Test class: AutomationFW.TestCase_WISELogin</td>
<td></td>
<td>3</td>
<td>AutomationFW.TestCase_WISELogin@2b0f373b</td></tr>
<tr>
<td title='AutomationFW.TestCase_WISELogin.Verify_PrivacyLink_Displayed()'><b>Verify_PrivacyLink_Displayed</b><br>Test class: AutomationFW.TestCase_WISELogin</td>
<td></td>
<td>3</td>
<td>AutomationFW.TestCase_WISELogin@2b0f373b</td></tr>
<tr>
<td title='AutomationFW.TestCase_WISELogin.Verify_ProcessTab_Display()'><b>Verify_ProcessTab_Display</b><br>Test class: AutomationFW.TestCase_WISELogin</td>
<td></td>
<td>3</td>
<td>AutomationFW.TestCase_WISELogin@2b0f373b</td></tr>
<tr>
<td title='AutomationFW.TestCase_WISELogin.Verify_ProductTab_Display()'><b>Verify_ProductTab_Display</b><br>Test class: AutomationFW.TestCase_WISELogin</td>
<td></td>
<td>3</td>
<td>AutomationFW.TestCase_WISELogin@2b0f373b</td></tr>
<tr>
<td title='AutomationFW.TestCase_WISELogin.Verify_SitMap_Displayed()'><b>Verify_SitMap_Displayed</b><br>Test class: AutomationFW.TestCase_WISELogin</td>
<td></td>
<td>3</td>
<td>AutomationFW.TestCase_WISELogin@2b0f373b</td></tr>
<tr>
<td title='AutomationFW.TestCase_WISELogin.Verify_TermOfUse_Displayed()'><b>Verify_TermOfUse_Displayed</b><br>Test class: AutomationFW.TestCase_WISELogin</td>
<td></td>
<td>3</td>
<td>AutomationFW.TestCase_WISELogin@2b0f373b</td></tr>
<tr>
<td title='AutomationFW.TestCase_WISELogin.Verify_Tool_Display()'><b>Verify_Tool_Display</b><br>Test class: AutomationFW.TestCase_WISELogin</td>
<td></td>
<td>3</td>
<td>AutomationFW.TestCase_WISELogin@2b0f373b</td></tr>
</table><p>
<table width='100%' border='1' class='invocation-skipped'>
<tr><td colspan='4' align='center'><b>SKIPPED TESTS</b></td></tr>
<tr><td><b>Test method</b></td>
<td width="30%"><b>Exception</b></td>
<td width="10%"><b>Time (seconds)</b></td>
<td><b>Instance</b></td>
</tr>
<tr>
<td title='AutomationFW.TestCase_WISELogin.SearchSKU()'><b>SearchSKU</b><br>Test class: AutomationFW.TestCase_WISELogin</td>
<td><div><pre>java.lang.Throwable: Method TestCase_WISELogin.SearchSKU()[pri:2, instance:AutomationFW.TestCase_WISELogin@2b0f373b] depends on not successfully finished methods
	at java.util.concurrent.ThreadPoolExecutor.runWorker(ThreadPoolExecutor.java:1149)
	at java.util.concurrent.ThreadPoolExecutor$Worker.run(ThreadPoolExecutor.java:624)
	at java.lang.Thread.run(Thread.java:748)
... Removed 3 stack frames</pre></div><a href='#' onClick='toggleBox("stack-trace1416644626", this, "Click to show all stack frames", "Click to hide stack frames")'>Click to show all stack frames</a>
<div class='stack-trace' id='stack-trace1416644626'><pre>java.lang.Throwable: Method TestCase_WISELogin.SearchSKU()[pri:2, instance:AutomationFW.TestCase_WISELogin@2b0f373b] depends on not successfully finished methods
	at org.testng.internal.Invoker.invokeTestMethods(Invoker.java:1068)
	at org.testng.internal.TestMethodWorker.invokeTestMethods(TestMethodWorker.java:129)
	at org.testng.internal.TestMethodWorker.run(TestMethodWorker.java:112)
	at java.util.concurrent.ThreadPoolExecutor.runWorker(ThreadPoolExecutor.java:1149)
	at java.util.concurrent.ThreadPoolExecutor$Worker.run(ThreadPoolExecutor.java:624)
	at java.lang.Thread.run(Thread.java:748)
</pre></div></td>
<td>0</td>
<td>null</td></tr>
</table><p>
</body>
</html>