<?xml version="1.0" encoding="UTF-8"?>
<testng-results skipped="0" failed="1" ignored="0" total="8" passed="7">
  <reporter-output>
  </reporter-output>
  <suite name="Suite" duration-ms="72468" started-at="2018-08-02T22:54:55Z" finished-at="2018-08-02T22:56:08Z">
    <groups>
    </groups>
    <test name="Test" duration-ms="72468" started-at="2018-08-02T22:54:55Z" finished-at="2018-08-02T22:56:08Z">
      <class name="AutomationFW.TestCase_WISELogin">
        <test-method status="PASS" signature="LoginToWise()[pri:1, instance:AutomationFW.TestCase_WISELogin@24d09c1]" name="LoginToWise" duration-ms="24391" started-at="2018-08-02T22:54:55Z" finished-at="2018-08-02T22:55:20Z">
          <reporter-output>
          </reporter-output>
        </test-method> <!-- LoginToWise -->
        <test-method status="PASS" signature="SearchSKU()[pri:2, instance:AutomationFW.TestCase_WISELogin@24d09c1]" name="SearchSKU" duration-ms="7648" started-at="2018-08-02T22:55:20Z" finished-at="2018-08-02T22:55:27Z">
          <reporter-output>
          </reporter-output>
        </test-method> <!-- SearchSKU -->
        <test-method status="PASS" signature="NavigateToPDPPage()[pri:3, instance:AutomationFW.TestCase_WISELogin@24d09c1]" name="NavigateToPDPPage" duration-ms="4482" started-at="2018-08-02T22:55:27Z" finished-at="2018-08-02T22:55:32Z">
          <reporter-output>
          </reporter-output>
        </test-method> <!-- NavigateToPDPPage -->
        <test-method status="PASS" signature="PDPPage_TabsDIsplay()[pri:4, instance:AutomationFW.TestCase_WISELogin@24d09c1]" name="PDPPage_TabsDIsplay" duration-ms="9072" started-at="2018-08-02T22:55:32Z" finished-at="2018-08-02T22:55:41Z">
          <reporter-output>
          </reporter-output>
        </test-method> <!-- PDPPage_TabsDIsplay -->
        <test-method status="PASS" signature="NavigateToHomePage()[pri:5, instance:AutomationFW.TestCase_WISELogin@24d09c1]" name="NavigateToHomePage" duration-ms="4090" started-at="2018-08-02T22:55:41Z" finished-at="2018-08-02T22:55:45Z">
          <reporter-output>
          </reporter-output>
        </test-method> <!-- NavigateToHomePage -->
        <test-method status="PASS" signature="DocICSearch_ProductDocument()[pri:6, instance:AutomationFW.TestCase_WISELogin@24d09c1]" name="DocICSearch_ProductDocument" duration-ms="5467" started-at="2018-08-02T22:55:45Z" finished-at="2018-08-02T22:55:50Z">
          <reporter-output>
          </reporter-output>
        </test-method> <!-- DocICSearch_ProductDocument -->
        <test-method status="PASS" signature="DocumentRendering_ProductDocument()[pri:7, instance:AutomationFW.TestCase_WISELogin@24d09c1]" name="DocumentRendering_ProductDocument" duration-ms="4574" started-at="2018-08-02T22:55:50Z" finished-at="2018-08-02T22:55:55Z">
          <reporter-output>
          </reporter-output>
        </test-method> <!-- DocumentRendering_ProductDocument -->
        <test-method status="FAIL" signature="Rating_ProductDocument()[pri:8, instance:AutomationFW.TestCase_WISELogin@24d09c1]" name="Rating_ProductDocument" duration-ms="10207" started-at="2018-08-02T22:55:55Z" finished-at="2018-08-02T22:56:05Z">
          <exception class="java.lang.AssertionError">
            <full-stacktrace>
              <![CDATA[java.lang.AssertionError
at AutomationFW.TestCase_WISELogin.Rating_ProductDocument(TestCase_WISELogin.java:321)
at sun.reflect.NativeMethodAccessorImpl.invoke0(Native Method)
at sun.reflect.NativeMethodAccessorImpl.invoke(NativeMethodAccessorImpl.java:62)
at sun.reflect.DelegatingMethodAccessorImpl.invoke(DelegatingMethodAccessorImpl.java:43)
at java.lang.reflect.Method.invoke(Method.java:498)
at org.testng.internal.MethodInvocationHelper.invokeMethod(MethodInvocationHelper.java:124)
at org.testng.internal.Invoker.invokeMethod(Invoker.java:583)
at org.testng.internal.Invoker.invokeTestMethod(Invoker.java:719)
at org.testng.internal.Invoker.invokeTestMethods(Invoker.java:989)
at org.testng.internal.TestMethodWorker.invokeTestMethods(TestMethodWorker.java:125)
at org.testng.internal.TestMethodWorker.run(TestMethodWorker.java:109)
at java.util.concurrent.ThreadPoolExecutor.runWorker(ThreadPoolExecutor.java:1149)
at java.util.concurrent.ThreadPoolExecutor$Worker.run(ThreadPoolExecutor.java:624)
at java.lang.Thread.run(Thread.java:748)
]]>
            </full-stacktrace>
          </exception> <!-- java.lang.AssertionError -->
          <reporter-output>
          </reporter-output>
        </test-method> <!-- Rating_ProductDocument -->
        <test-method status="PASS" signature="tearDown()[pri:0, instance:AutomationFW.TestCase_WISELogin@24d09c1]" name="tearDown" is-config="true" duration-ms="2472" started-at="2018-08-02T22:56:05Z" finished-at="2018-08-02T22:56:08Z">
          <reporter-output>
          </reporter-output>
        </test-method> <!-- tearDown -->
      </class> <!-- AutomationFW.TestCase_WISELogin -->
    </test> <!-- Test -->
  </suite> <!-- Suite -->
</testng-results>
